Determining if the C compiler works failed with the following output:
Change Dir: /Users/ivastival/OneDrive/Developer/Maya/Maya_Study/src/Study_01 - CMakeLists/build/CMakeFiles/CMakeTmp

Run Build Command(s):/usr/bin/xcodebuild -project CMAKE_TRY_COMPILE.xcodeproj build -target cmTC_af5a5 -configuration Debug -hideShellScriptEnvironment && Command line invocation:
    /Applications/Xcode.app/Contents/Developer/usr/bin/xcodebuild -project CMAKE_TRY_COMPILE.xcodeproj build -target cmTC_af5a5 -configuration Debug -hideShellScriptEnvironment

User defaults from command line:
    HideShellScriptEnvironment = YES

2020-09-17 16:16:33.296 xcodebuild[95472:15786078]  DVTErrorPresenter: Unable to load simulator devices.
Domain: DVTCoreSimulatorAdditionsErrorDomain
Code: 3
Failure Reason: The version of the CoreSimulator framework installed on this Mac is out-of-date and not supported by this version of Xcode.
Recovery Suggestion: Please ensure that you have installed all available updates to your Mac's software, and that you are running the most recent version of Xcode supported by macOS.
--
CoreSimulator is out of date. Current version (704.12.2) is older than build version (732.17.0).
Domain: DVTCoreSimulatorAdditionsErrorDomain
Code: 3
--
2020-09-17 16:16:33.296 xcodebuild[95472:15786078]  iOSSimulator: [SimServiceContext sharedServiceContextForDeveloperDir:error:] returned nil (Error Domain=DVTCoreSimulatorAdditionsErrorDomain Code=3 "CoreSimulator is out of date. Current version (704.12.2) is older than build version (732.17.0)." UserInfo={NSLocalizedDescription=CoreSimulator is out of date. Current version (704.12.2) is older than build version (732.17.0).}). Simulator device support disabled.
Prepare build
note: The Legacy Build System will be removed in a future release. You can configure the selected build system and this deprecation message in File > Project Settings.
=== BUILD TARGET cmTC_af5a5 OF PROJECT CMAKE_TRY_COMPILE WITH CONFIGURATION Debug ===

Check dependencies
No architectures to compile for (ONLY_ACTIVE_ARCH=YES, active arch=arm64, VALID_ARCHS=arm64 arm64e i386 x86_64, EXCLUDED_ARCHS=(
    arm64,
    arm64e
)).

** BUILD FAILED **


The following build commands failed:
	Check dependencies
(1 failure)



